<?xml version="1.0" encoding="UTF-8"?>
<!-- Generated by org.testng.reporters.JUnitReportReporter -->
<testsuite skipped="2" hostname="LAPTOP-9SCENFI4" name="TestNGpgm.guru99MultipleBrowser" tests="3" failures="0" timestamp="24 Dec 2018 17:43:42 GMT" time="0.000" errors="1">
  <testcase name="InvokeBrowser" time="0.000" classname="TestNGpgm.guru99MultipleBrowser">
    <error type="org.testng.TestNGException" message="
Parameter &#039;browserType&#039; is required by BeforeClass on method InvokeBrowser but has not been marked @Optional or defined
in C:\Users\ambikaraj\git\repository3\nov30methods\test-output\TestNgFile\multipleBrowser.xml">
      <![CDATA[org.testng.TestNGException: 
Parameter 'browserType' is required by BeforeClass on method InvokeBrowser but has not been marked @Optional or defined
in C:\Users\ambikaraj\git\repository3\nov30methods\test-output\TestNgFile\multipleBrowser.xml
at org.testng.internal.Parameters.createParams(Parameters.java:290)
at org.testng.internal.Parameters.createParametersForMethod(Parameters.java:359)
at org.testng.internal.Parameters.createParameters(Parameters.java:620)
at org.testng.internal.Parameters.createConfigurationParameters(Parameters.java:190)
at org.testng.internal.Invoker.invokeConfigurations(Invoker.java:209)
at org.testng.internal.Invoker.invokeConfigurations(Invoker.java:142)
at org.testng.internal.TestMethodWorker.invokeBeforeClassMethods(TestMethodWorker.java:168)
at org.testng.internal.TestMethodWorker.run(TestMethodWorker.java:105)
at org.testng.TestRunner.privateRun(TestRunner.java:648)
at org.testng.TestRunner.run(TestRunner.java:505)
at org.testng.SuiteRunner.runTest(SuiteRunner.java:455)
at org.testng.SuiteRunner.runSequentially(SuiteRunner.java:450)
at org.testng.SuiteRunner.privateRun(SuiteRunner.java:415)
at org.testng.SuiteRunner.run(SuiteRunner.java:364)
at org.testng.SuiteRunnerWorker.runSuite(SuiteRunnerWorker.java:52)
at org.testng.SuiteRunnerWorker.run(SuiteRunnerWorker.java:84)
at org.testng.TestNG.runSuitesSequentially(TestNG.java:1208)
at org.testng.TestNG.runSuitesLocally(TestNG.java:1137)
at org.testng.TestNG.runSuites(TestNG.java:1049)
at org.testng.TestNG.run(TestNG.java:1017)
at org.testng.remote.AbstractRemoteTestNG.run(AbstractRemoteTestNG.java:114)
at org.testng.remote.RemoteTestNG.initAndRun(RemoteTestNG.java:251)
at org.testng.remote.RemoteTestNG.main(RemoteTestNG.java:77)
]]>
    </error>
  </testcase> <!-- InvokeBrowser -->
  <testcase name="veriftTitle" time="0.000" classname="TestNGpgm.guru99MultipleBrowser">
    <skipped/>
  </testcase> <!-- veriftTitle -->
  <testcase name="loginpage" time="0.000" classname="TestNGpgm.guru99MultipleBrowser">
    <skipped/>
  </testcase> <!-- loginpage -->
</testsuite> <!-- TestNGpgm.guru99MultipleBrowser -->
